2024-07-21 14:54:17.293 | INFO     | gpt_interaction:generate_response:30 - User: hi i need a list of 3 names for a ginger cat
2024-07-21 14:54:17.293 | INFO     | gpt_interaction:generate_response:31 - Assistant: Sure! Here are three names that might suit a ginger cat:

1. **Rusty**
2. **Pumpkin**
3. **Simba**

Hope you find the perfect name for your furry friend!
2024-07-21 14:54:18.212 | INFO     | utils:process_query:21 - User: hi i need a list of 3 names for a ginger cat
2024-07-21 14:54:18.212 | INFO     | utils:process_query:22 - Assistant: Sure! Here are three names that might suit a ginger cat:

1. **Rusty**
2. **Pumpkin**
3. **Simba**

Hope you find the perfect name for your furry friend!
2024-07-21 14:54:18.212 | INFO     | utils:process_query:23 - Follow-up Questions: 
### Suggested follow-up questions:
- Do you have more unique name suggestions for a ginger cat?
- Can you suggest names for a female ginger cat?
- What are some popular names for cats in general?
2024-07-21 14:54:29.271 | INFO     | gpt_interaction:generate_response:30 - User: what did i just ask you ?
2024-07-21 14:54:29.271 | INFO     | gpt_interaction:generate_response:31 - Assistant: You asked for a list of three names for a ginger cat.
2024-07-21 14:54:30.195 | INFO     | utils:process_query:21 - User: what did i just ask you ?
2024-07-21 14:54:30.195 | INFO     | utils:process_query:22 - Assistant: You asked for a list of three names for a ginger cat.
2024-07-21 14:54:30.195 | INFO     | utils:process_query:23 - Follow-up Questions: 
### Suggested follow-up questions:
- Can you suggest three more names for a ginger cat?
- What are some unique names for a ginger cat?
- Do you have any gender-specific names for a ginger cat?
