2024-07-20 17:54:41.420 | INFO     | __main__:generate_response:32 - User: hey, you there?
2024-07-20 17:54:41.421 | INFO     | __main__:generate_response:33 - Assistant: Yes, I'm here! How can I assist you today?
2024-07-20 17:55:12.873 | INFO     | __main__:generate_response:32 - User: what is a good trip for rio de janeiro in 7 days?
2024-07-20 17:55:12.874 | INFO     | __main__:generate_response:33 - Assistant: Rio de Janeiro is a vibrant city with a rich mix of natural beauty, cultural landmarks, and lively entertainment. Here's a suggested 7-day itinerary to help you make the most of your trip:

### Day 1: Arrival and Copacabana Beach
- **Morning:** Arrive in Rio and check into your accommodation.
- **Afternoon:** Head to **Copacabana Beach**. Relax, swim, and enjoy the local beach culture.
- **Evening:** Walk along the **Copacabana Promenade** and have dinner at a beachfront restaurant.

### Day 2: Christ the Redeemer and Santa Teresa
- **Morning:** Visit the **Christ the Redeemer** statue. Take the train up Corcovado Mountain for stunning views.
- **Afternoon:** Explore the **Santa Teresa** neighborhood, known for its bohemian vibe, art galleries, and charming streets.
- **Evening:** Have dinner in one of Santa Teresa's cozy restaurants.

### Day 3: Sugarloaf Mountain and Botafogo
- **Morning:** Take the cable car up to **Sugarloaf Mountain (Pão de Açúcar)** for panoramic views of the city and the bay.
- **Afternoon:** Explore the **Botafogo** neighborhood. Visit the **Botafogo Praia Shopping** mall or relax at **Botafogo Beach**.
- **Evening:** Enjoy dinner at a local restaurant in Botafogo.

### Day 4: Tijuca Forest and Jardim Botânico
- **Morning:** Spend the day exploring **Tijuca National Park**, one of the largest urban forests in the world. Go for a hike and visit attractions like the **Cascatinha Waterfall** and **Vista Chinesa**.
- **Afternoon:** Visit the **Jardim Botânico (Botanical Garden)**. Explore its beautiful gardens and diverse plant species.
- **Evening:** Head back to your accommodation to relax or explore local nightlife.

### Day 5: Lapa and Downtown Rio
- **Morning:** Visit the **Lapa Arches (Arcos da Lapa)** and the **Selarón Steps (Escadaria Selarón)**.
- **Afternoon:** Explore downtown Rio. Visit the **Municipal Theater**, **Candelária Church**, and the **Museum of Tomorrow**.
- **Evening:** Experience the nightlife in Lapa, known for its samba clubs and vibrant atmosphere.

### Day 6: Ipanema and Leblon
- **Morning:** Spend the day at **Ipanema Beach**. Enjoy the sun, surf, and beach activities.
- **Afternoon:** Walk to **Leblon Beach**, a quieter and more upscale beach area. Visit the **Mirante do Leblon** for great views.
- **Evening:** Have dinner in Leblon, known for its excellent dining options.

### Day 7: Free Day and Departure
- **Morning:** Use this day to revisit any favorite spots, do some last-minute shopping, or explore a new area like **Barra da Tijuca**.
- **Afternoon:** Relax and enjoy your last few hours in Rio.
- **Evening:** Head to the airport for your departure.

### Tips:
- **Safety:** Be mindful of your surroundings and avoid displaying valuables.
- **Transportation:** Use a mix of public transport, ride-sharing apps, and taxis.
- **Weather:** Rio can be hot and humid, so stay hydrated and wear sunscreen.

Enjoy your trip to Rio de Janeiro!
2024-07-20 17:55:51.478 | INFO     | __main__:generate_response:32 - User: great, where can i book hotels and buy the flight ticket?
2024-07-20 17:55:51.479 | INFO     | __main__:generate_response:33 - Assistant: Booking hotels and flights for your trip to Rio de Janeiro is easy with a variety of online platforms that offer competitive prices and user-friendly interfaces. Here are some popular options:

### Booking Hotels
1. **Booking.com**
   - Website: [Booking.com](https://www.booking.com)
   - Features: Wide range of accommodation options, user reviews, and flexible cancellation policies.

2. **Expedia**
   - Website: [Expedia](https://www.expedia.com)
   - Features: Bundled deals on flights and hotels, loyalty rewards program, and extensive filtering options.

3. **Airbnb**
   - Website: [Airbnb](https://www.airbnb.com)
   - Features: Unique stays, local experiences, and options for entire homes or private rooms.

4. **Hotels.com**
   - Website: [Hotels.com](https://www.hotels.com)
   - Features: Loyalty program offering free nights, extensive reviews, and a variety of accommodation types.

5. **Agoda**
   - Website: [Agoda](https://www.agoda.com)
   - Features: Great deals, especially in Asia, and a wide range of accommodation options.

### Buying Flight Tickets
1. **Skyscanner**
   - Website: [Skyscanner](https://www.skyscanner.com)
   - Features: Comprehensive search engine that compares prices across multiple airlines and travel agencies.

2. **Google Flights**
   - Website: [Google Flights](https://www.google.com/flights)
   - Features: Easy-to-use interface, price tracking, and flexible date searches.

3. **Kayak**
   - Website: [Kayak](https://www.kayak.com)
   - Features: Price alerts, flexible date searches, and bundled deals.

4. **Momondo**
   - Website: [Momondo](https://www.momondo.com)
   - Features: Price comparisons across multiple platforms, flexible date searches, and fare alerts.

5. **Expedia**
   - Website: [Expedia](https://www.expedia.com)
   - Features: Bundled deals on flights and hotels, loyalty rewards program, and extensive filtering options.

### Tips for Booking:
- **Book Early:** Prices for both flights and hotels tend to rise as your travel date approaches.
- **Read Reviews:** Always check reviews from previous travelers to ensure the quality of accommodation.
- **Flexible Dates:** If your travel dates are flexible, use tools that allow you to compare prices across different dates to find the best deals.
- **Loyalty Programs:** Sign up for loyalty programs to earn points and receive discounts on future bookings.

By using these platforms, you can easily compare prices, read reviews, and find the best options for your trip to Rio de Janeiro. Safe travels!
2024-07-20 17:56:17.180 | INFO     | __main__:generate_response:32 - User: - Can I earn loyalty rewards by booking both hotel and flight through Expedia?
2024-07-20 17:56:17.181 | INFO     | __main__:generate_response:33 - Assistant: Yes, you can earn loyalty rewards by booking both your hotel and flight through Expedia. Here's how it works:

### Expedia Rewards Program
Expedia has a loyalty program called **Expedia Rewards** that allows you to earn points on eligible bookings, including flights, hotels, car rentals, and activities. Here are some key features:

#### Earning Points
- **Flights:** You earn 1 point per $5 spent on flights.
- **Hotels:** You earn 2 points per $1 spent on hotels, activities, and packages that include a hotel.
- **Packages:** If you book a flight and hotel package, you can earn points on both the flight and the hotel portions of your booking.

#### Using Points
- **Free Nights:** Points can be redeemed for free nights at eligible hotels.
- **Discounts:** Points can also be used to get discounts on future bookings, including flights, hotels, and vacation packages.
- **VIP Access:** Higher-tier members (Silver and Gold) get additional perks like free room upgrades, early check-in, and late check-out at VIP Access properties.

### Steps to Earn and Redeem Points
1. **Sign Up:** First, sign up for the Expedia Rewards program on the Expedia website or app.
2. **Book Through Your Account:** Make sure you're logged into your Expedia account when you book your flight and hotel to ensure you earn points.
3. **Accumulate Points:** Points will be credited to your account after your trip is completed.
4. **Redeem Points:** Use your accumulated points for discounts or free stays on future bookings.

### Additional Benefits
- **Exclusive Deals:** Members often get access to exclusive deals and discounts.
- **Tier Levels:** The more you book, the higher your tier level, which can offer additional benefits like bonus points and special amenities.

By booking both your hotel and flight through Expedia, you can maximize your points and enjoy the benefits of the Expedia Rewards program.
