2024-07-21 12:03:59.752 | INFO     | __main__:process_query:182 - User: hi im bruna. i'm adopting a black male cat and i want 3 tips to help his adaptation to the new home.
2024-07-21 12:03:59.753 | INFO     | __main__:process_query:183 - Assistant: Hi Bruna! Congratulations on adopting a new black male cat. Here are three tips to help him adapt to his new home:

1. **Create a Safe Space**: Set up a quiet, comfortable area where your cat can retreat to when he feels overwhelmed. This can include a cozy bed, some toys, and a litter box. Make sure this space is away from high-traffic areas and loud noises.

2. **Gradual Introduction**: Allow your cat to explore his new environment at his own pace. Start by letting him get used to one room and gradually introduce him to the rest of the house. Provide plenty of hiding spots and perches so he can observe his surroundings from a safe distance.

3. **Consistent Routine**: Cats thrive on routine. Establish a consistent schedule for feeding, playtime, and litter box cleaning. This will help your cat feel more secure and understand what to expect in his new home.

I hope these tips help your cat settle in comfortably. Enjoy your time with your new furry friend!
2024-07-21 12:03:59.753 | INFO     | __main__:process_query:184 - Follow-up Questions: 
- What should I do if my cat seems stressed or anxious despite following these tips?
- How can I help my cat get along with other pets already in the house?
- Are there specific toys or activities that are particularly beneficial for a newly adopted cat?
2024-07-21 12:04:33.944 | INFO     | __main__:process_query:182 - User: How can I help it get along with other pets already in the house?
2024-07-21 12:04:33.944 | INFO     | __main__:process_query:183 - Assistant: To help your new black male cat get along with other pets already in the house, follow these steps:

1. **Gradual Introduction**: Start by keeping your new cat in a separate room with his own food, water, litter box, and toys. Allow your current pets to sniff and investigate under the door to get used to the new scent. After a few days, you can start swapping bedding between your pets so they can get used to each other's scent in a more personal space.

2. **Controlled Meetings**: Once your pets are accustomed to each other's scent, you can begin introducing them through a baby gate or a carrier. Keep these initial meetings short and positive. Offer treats and praise to all pets involved to create a positive association with each other's presence.

3. **Supervised Interactions**: Gradually increase the time they spend together, always under supervision. Watch for any signs of aggression or stress. If any pet becomes overly aggressive or stressed, separate them and try again later. Patience is key—some pets may take longer to adjust than others.

4. **Positive Reinforcement**: Always reward good behavior with treats, pets, or praise. This will help reinforce the idea that being around each other is a positive experience.

5. **Maintain Individual Attention**: Make sure to give all your pets individual attention and maintain their regular routines as much as possible. This will help reduce jealousy and stress.

By following these steps, you can help ensure a smoother transition and foster a harmonious relationship between your new cat and your existing pets. Good luck!
2024-07-21 12:04:33.945 | INFO     | __main__:process_query:184 - Follow-up Questions: 
- How long should I keep my new cat in a separate room before starting the gradual introduction process?
- What signs of aggression or stress should I watch for during the supervised interactions?
- How can I ensure that my other pets don't feel neglected while I focus on introducing the new cat?
2024-07-21 12:05:06.096 | INFO     | __main__:process_query:182 - User: whats my name and what pet  am i adopting?
2024-07-21 12:05:06.097 | INFO     | __main__:process_query:183 - Assistant: Your name is Bruna, and you are adopting a black male cat.
2024-07-21 12:05:06.097 | INFO     | __main__:process_query:184 - Follow-up Questions: 
- How can I ensure that my other pets don't feel neglected while I focus on introducing the new cat?
- What signs of aggression or stress should I watch for during the supervised interactions?
- How long should I keep my new cat in a separate room before starting the gradual introduction process?
2024-07-21 13:20:14.127 | INFO     | utils:process_query:29 - User: i need a plan for my trip to china.  i will stay there for 3 days.
2024-07-21 13:20:14.127 | INFO     | utils:process_query:29 - User: i need a plan for my trip to china.  i will stay there for 3 days.
2024-07-21 13:20:14.128 | INFO     | utils:process_query:30 - Assistant: Here is a comprehensive plan for your 3-day trip to China:

**Day 1: Beijing**
1. **Morning:**
   - **Tiananmen Square:** Start your day at the world’s largest public square. Take in the monumental sites including the Great Hall of the People and the National Museum of China.
   - **Forbidden City:** Just a short walk from Tiananmen Square, explore the vast palace complex that served as the home of emperors for almost 500 years. 
   
2. **Afternoon:**
   - **Jingshan Park:** Climb to the top of the hill for a panoramic view of the Forbidden City and Beijing.
   - **Hutongs:** Wander through the traditional alleys to get a sense of old Beijing. Consider taking a rickshaw tour for a unique experience.

3. **Evening:**
   - **Wangfujing Street:** Enjoy some shopping and try various street foods. Don’t miss the famous Peking Duck for dinner.

**Day 2: Great Wall and Summer Palace**
1. **Morning:**
   - **Great Wall of China (Mutianyu or Badaling):** Spend your morning exploring one of the most iconic symbols of China. The Mutianyu section is less crowded and offers breathtaking views.
   
2. **Afternoon:**
   - **Summer Palace:** Visit this expansive park and palace complex, known for its beautiful lakes, gardens, and palaces. Don’t miss the Long Corridor and the Marble Boat.
   
3. **Evening:**
   - **Olympic Green:** Head to the site of the 2008 Olympics to see the Bird’s Nest Stadium and the Water Cube illuminated at night.

**Day 3: Xi'an (Terracotta Army) or Shanghai**
1. **Option 1: Xi'an**
   - **Morning:** 
     - **Fly to Xi'an:** It's about a 2-hour flight from Beijing.
     - **Terracotta Army:** Visit the famous archaeological site where thousands of life-sized warriors stand in formation.
   
   - **Afternoon:**
     - **Ancient City Wall:** Rent a bike and cycle along the top of the ancient city wall.
   
   - **Evening:**
     - **Muslim Quarter:** Explore the vibrant market area and enjoy local snacks and delicacies.

2. **Option 2: Shanghai**
   - **Morning:**
     - **Fly to Shanghai:** It's about a 2-hour flight from Beijing.
     - **The Bund:** Walk along the famous waterfront area and take in the stunning skyline of modern skyscrapers and colonial-era buildings.
   
   - **Afternoon:**
     - **Yu Garden:** Explore this classic Chinese garden with beautiful pavilions, rockeries, ponds, and cloisters.
   
   - **Evening:**
     - **Nanjing Road:** Enjoy some last-minute shopping and dining along one of the busiest shopping streets in the world.
     - **Huangpu River Cruise:** End your trip with a night cruise on the Huangpu River to see the city lights.

**Additional Tips:**
- **Travel Documents:** Ensure your passport and visa are in order before your trip.
- **Currency:** The local currency is the Chinese Yuan (CNY). It's advisable to carry some cash for smaller purchases.
- **Language:** While many signs are in English in major cities, learning a few basic Mandarin phrases can be helpful.
- **Transportation:** Use high-speed trains or domestic flights for intercity travel. Taxis and metros are convenient for city travel.
- **Health and Safety:** Stay hydrated, use sunscreen, and be cautious with street food to avoid any health issues. 

Enjoy your trip to China!
2024-07-21 13:20:14.128 | INFO     | utils:process_query:30 - Assistant: Here is a comprehensive plan for your 3-day trip to China:

**Day 1: Beijing**
1. **Morning:**
   - **Tiananmen Square:** Start your day at the world’s largest public square. Take in the monumental sites including the Great Hall of the People and the National Museum of China.
   - **Forbidden City:** Just a short walk from Tiananmen Square, explore the vast palace complex that served as the home of emperors for almost 500 years. 
   
2. **Afternoon:**
   - **Jingshan Park:** Climb to the top of the hill for a panoramic view of the Forbidden City and Beijing.
   - **Hutongs:** Wander through the traditional alleys to get a sense of old Beijing. Consider taking a rickshaw tour for a unique experience.

3. **Evening:**
   - **Wangfujing Street:** Enjoy some shopping and try various street foods. Don’t miss the famous Peking Duck for dinner.

**Day 2: Great Wall and Summer Palace**
1. **Morning:**
   - **Great Wall of China (Mutianyu or Badaling):** Spend your morning exploring one of the most iconic symbols of China. The Mutianyu section is less crowded and offers breathtaking views.
   
2. **Afternoon:**
   - **Summer Palace:** Visit this expansive park and palace complex, known for its beautiful lakes, gardens, and palaces. Don’t miss the Long Corridor and the Marble Boat.
   
3. **Evening:**
   - **Olympic Green:** Head to the site of the 2008 Olympics to see the Bird’s Nest Stadium and the Water Cube illuminated at night.

**Day 3: Xi'an (Terracotta Army) or Shanghai**
1. **Option 1: Xi'an**
   - **Morning:** 
     - **Fly to Xi'an:** It's about a 2-hour flight from Beijing.
     - **Terracotta Army:** Visit the famous archaeological site where thousands of life-sized warriors stand in formation.
   
   - **Afternoon:**
     - **Ancient City Wall:** Rent a bike and cycle along the top of the ancient city wall.
   
   - **Evening:**
     - **Muslim Quarter:** Explore the vibrant market area and enjoy local snacks and delicacies.

2. **Option 2: Shanghai**
   - **Morning:**
     - **Fly to Shanghai:** It's about a 2-hour flight from Beijing.
     - **The Bund:** Walk along the famous waterfront area and take in the stunning skyline of modern skyscrapers and colonial-era buildings.
   
   - **Afternoon:**
     - **Yu Garden:** Explore this classic Chinese garden with beautiful pavilions, rockeries, ponds, and cloisters.
   
   - **Evening:**
     - **Nanjing Road:** Enjoy some last-minute shopping and dining along one of the busiest shopping streets in the world.
     - **Huangpu River Cruise:** End your trip with a night cruise on the Huangpu River to see the city lights.

**Additional Tips:**
- **Travel Documents:** Ensure your passport and visa are in order before your trip.
- **Currency:** The local currency is the Chinese Yuan (CNY). It's advisable to carry some cash for smaller purchases.
- **Language:** While many signs are in English in major cities, learning a few basic Mandarin phrases can be helpful.
- **Transportation:** Use high-speed trains or domestic flights for intercity travel. Taxis and metros are convenient for city travel.
- **Health and Safety:** Stay hydrated, use sunscreen, and be cautious with street food to avoid any health issues. 

Enjoy your trip to China!
2024-07-21 13:20:14.128 | INFO     | utils:process_query:31 - Follow-up Questions: 
- What are the best options for accommodation in Beijing, close to the attractions listed for Day 1?
- How much time should I allocate for each activity in the itinerary to ensure I can cover everything comfortably?
- Are there any specific local customs or etiquette I should be aware of while visiting these sites in China?
2024-07-21 13:20:14.128 | INFO     | utils:process_query:31 - Follow-up Questions: 
- What are the best options for accommodation in Beijing, close to the attractions listed for Day 1?
- How much time should I allocate for each activity in the itinerary to ensure I can cover everything comfortably?
- Are there any specific local customs or etiquette I should be aware of while visiting these sites in China?
2024-07-21 13:21:07.083 | INFO     | utils:process_query:29 - User: where am i traveling to and how long am i staying there ?
2024-07-21 13:21:07.083 | INFO     | utils:process_query:29 - User: where am i traveling to and how long am i staying there ?
2024-07-21 13:21:07.083 | INFO     | utils:process_query:30 - Assistant: You are traveling to China and will be staying there for 3 days.
2024-07-21 13:21:07.083 | INFO     | utils:process_query:30 - Assistant: You are traveling to China and will be staying there for 3 days.
2024-07-21 13:21:07.084 | INFO     | utils:process_query:31 - Follow-up Questions: 
- What specific cities or regions in China will you be visiting during your 3-day stay?
- What are the main attractions or activities you plan to explore while in China?
- Are there any cultural or language preparations you are making for your trip to China?
2024-07-21 13:21:07.084 | INFO     | utils:process_query:31 - Follow-up Questions: 
- What specific cities or regions in China will you be visiting during your 3-day stay?
- What are the main attractions or activities you plan to explore while in China?
- Are there any cultural or language preparations you are making for your trip to China?
2024-07-21 13:21:55.657 | INFO     | utils:process_query:29 - User: i need to book the hotel adn buy the flight ticket. suggestions ? 
2024-07-21 13:21:55.657 | INFO     | utils:process_query:29 - User: i need to book the hotel adn buy the flight ticket. suggestions ? 
2024-07-21 13:21:55.658 | INFO     | utils:process_query:30 - Assistant: Here are some suggestions for booking your hotel and purchasing your flight tickets for your 3-day trip to China:

**Flight Tickets:**
1. **Flight Booking Websites:** Use popular flight comparison websites such as Skyscanner, Kayak, or Google Flights to find the best deals on flights to Beijing, your primary destination.
2. **Airlines:** Consider flying with well-known airlines such as Air China, China Eastern, or Hainan Airlines for a comfortable journey.

**Hotel Recommendations:**

**Beijing:**
1. **Luxury Option:**
   - **The Peninsula Beijing:** Located near Wangfujing Street, this hotel offers luxurious amenities and impeccable service.
   - **Aman Summer Palace:** Located near the Summer Palace, this hotel offers a unique experience with its traditional Chinese architecture and serene environment.

2. **Mid-Range Option:**
   - **Novotel Beijing Peace:** Situated close to Wangfujing Street, this hotel offers comfortable rooms, good service, and a convenient location.
   - **Park Plaza Wangfujing:** Also located near Wangfujing, this hotel provides modern amenities and easy access to major attractions.

3. **Budget Option:**
   - **Beijing Downtown Backpackers Accommodation:** Located in one of the hutongs, this hostel offers affordable rates and a friendly atmosphere.
   - **365 Inn (Qianmen):** Situated near Tiananmen Square, this budget-friendly option offers clean rooms and a great location.

**Xi'an:**
1. **Luxury Option:**
   - **Sofitel Legend People's Grand Hotel Xi'an:** Offers luxurious accommodations and is conveniently located near the city center.
   - **The Ritz-Carlton, Xi'an:** A high-end hotel offering top-notch amenities and service.

2. **Mid-Range Option:**
   - **Grand Mercure Xian on Renmin Square:** Offers comfortable rooms and is located near major attractions.
   - **Xi'an Eastern House Boutique Hotel:** A boutique hotel providing modern amenities and a central location.

3. **Budget Option:**
   - **Xi'an The Facebook Youth Hostel:** Offers affordable rates and a social atmosphere for travelers.
   - **7 Sages International Youth Hostel:** Located near the city wall, this hostel provides budget-friendly accommodations.

**Shanghai:**
1. **Luxury Option:**
   - **The Peninsula Shanghai:** Located on the Bund, this hotel offers stunning views and luxurious amenities.
   - **Waldorf Astoria Shanghai on the Bund:** A high-end hotel with elegant rooms and excellent service.

2. **Mid-Range Option:**
   - **Radisson Blu Hotel Shanghai New World:** Offers comfortable rooms and is located near major attractions.
   - **SSAW Boutique Hotel Shanghai Bund:** A boutique hotel providing modern amenities and a central location.

3. **Budget Option:**
   - **Rock&Wood International Youth Hostel:** Offers affordable rates and a friendly atmosphere.
   - **Shanghai Blue Mountain Bund Youth Hostel:** Located near the Bund, this hostel provides budget-friendly accommodations.

**Tips for Booking:**
- **Book in Advance:** To secure the best rates, it's advisable to book your flights and hotels well in advance.
- **Check Reviews:** Always read reviews on websites like TripAdvisor or Booking.com to ensure the quality of the hotel.
- **Travel Insurance:** Consider purchasing travel insurance for added protection during your trip.

Enjoy your trip to China!
2024-07-21 13:21:55.658 | INFO     | utils:process_query:30 - Assistant: Here are some suggestions for booking your hotel and purchasing your flight tickets for your 3-day trip to China:

**Flight Tickets:**
1. **Flight Booking Websites:** Use popular flight comparison websites such as Skyscanner, Kayak, or Google Flights to find the best deals on flights to Beijing, your primary destination.
2. **Airlines:** Consider flying with well-known airlines such as Air China, China Eastern, or Hainan Airlines for a comfortable journey.

**Hotel Recommendations:**

**Beijing:**
1. **Luxury Option:**
   - **The Peninsula Beijing:** Located near Wangfujing Street, this hotel offers luxurious amenities and impeccable service.
   - **Aman Summer Palace:** Located near the Summer Palace, this hotel offers a unique experience with its traditional Chinese architecture and serene environment.

2. **Mid-Range Option:**
   - **Novotel Beijing Peace:** Situated close to Wangfujing Street, this hotel offers comfortable rooms, good service, and a convenient location.
   - **Park Plaza Wangfujing:** Also located near Wangfujing, this hotel provides modern amenities and easy access to major attractions.

3. **Budget Option:**
   - **Beijing Downtown Backpackers Accommodation:** Located in one of the hutongs, this hostel offers affordable rates and a friendly atmosphere.
   - **365 Inn (Qianmen):** Situated near Tiananmen Square, this budget-friendly option offers clean rooms and a great location.

**Xi'an:**
1. **Luxury Option:**
   - **Sofitel Legend People's Grand Hotel Xi'an:** Offers luxurious accommodations and is conveniently located near the city center.
   - **The Ritz-Carlton, Xi'an:** A high-end hotel offering top-notch amenities and service.

2. **Mid-Range Option:**
   - **Grand Mercure Xian on Renmin Square:** Offers comfortable rooms and is located near major attractions.
   - **Xi'an Eastern House Boutique Hotel:** A boutique hotel providing modern amenities and a central location.

3. **Budget Option:**
   - **Xi'an The Facebook Youth Hostel:** Offers affordable rates and a social atmosphere for travelers.
   - **7 Sages International Youth Hostel:** Located near the city wall, this hostel provides budget-friendly accommodations.

**Shanghai:**
1. **Luxury Option:**
   - **The Peninsula Shanghai:** Located on the Bund, this hotel offers stunning views and luxurious amenities.
   - **Waldorf Astoria Shanghai on the Bund:** A high-end hotel with elegant rooms and excellent service.

2. **Mid-Range Option:**
   - **Radisson Blu Hotel Shanghai New World:** Offers comfortable rooms and is located near major attractions.
   - **SSAW Boutique Hotel Shanghai Bund:** A boutique hotel providing modern amenities and a central location.

3. **Budget Option:**
   - **Rock&Wood International Youth Hostel:** Offers affordable rates and a friendly atmosphere.
   - **Shanghai Blue Mountain Bund Youth Hostel:** Located near the Bund, this hostel provides budget-friendly accommodations.

**Tips for Booking:**
- **Book in Advance:** To secure the best rates, it's advisable to book your flights and hotels well in advance.
- **Check Reviews:** Always read reviews on websites like TripAdvisor or Booking.com to ensure the quality of the hotel.
- **Travel Insurance:** Consider purchasing travel insurance for added protection during your trip.

Enjoy your trip to China!
2024-07-21 13:21:55.659 | INFO     | utils:process_query:31 - Follow-up Questions: 
- What are the best dates for booking flights to ensure the lowest prices for my trip to China?
- Can you provide recommendations for any activities or attractions near the suggested hotels in Beijing, Xi'an, and Shanghai?
- Are there any specific travel insurance providers you recommend for a trip to China?
2024-07-21 13:21:55.659 | INFO     | utils:process_query:31 - Follow-up Questions: 
- What are the best dates for booking flights to ensure the lowest prices for my trip to China?
- Can you provide recommendations for any activities or attractions near the suggested hotels in Beijing, Xi'an, and Shanghai?
- Are there any specific travel insurance providers you recommend for a trip to China?
