2024-07-21 14:57:30.342 | INFO     | utils:process_query:29 - User:  i need a list of 3 names for a ginger cat
2024-07-21 14:57:30.342 | INFO     | utils:process_query:29 - User:  i need a list of 3 names for a ginger cat
2024-07-21 14:57:30.343 | INFO     | utils:process_query:30 - Assistant: Here are three names for a ginger cat:
1. Ginger
2. Marmalade
3. Sunny

Is there anything else you need help with, or are there any particular topics or questions you'd like to explore further?
2024-07-21 14:57:30.343 | INFO     | utils:process_query:30 - Assistant: Here are three names for a ginger cat:
1. Ginger
2. Marmalade
3. Sunny

Is there anything else you need help with, or are there any particular topics or questions you'd like to explore further?
2024-07-21 14:57:30.343 | INFO     | utils:process_query:31 - Follow-up Questions: 
- Do you prefer names that have a specific meaning or origin?
- Are you looking for names that are unique or more traditional?
- Would you like suggestions for names based on the cat's personality or physical traits?
2024-07-21 14:57:30.343 | INFO     | utils:process_query:31 - Follow-up Questions: 
- Do you prefer names that have a specific meaning or origin?
- Are you looking for names that are unique or more traditional?
- Would you like suggestions for names based on the cat's personality or physical traits?
2024-07-21 14:57:30.344 | ERROR    | utils:save_conversation_to_file:72 - Error in saving conversation to file: [Errno 2] No such file or directory: 'v2/src/chat_history.txt'
2024-07-21 14:57:30.344 | ERROR    | utils:save_conversation_to_file:72 - Error in saving conversation to file: [Errno 2] No such file or directory: 'v2/src/chat_history.txt'
2024-07-21 14:58:27.411 | INFO     | utils:process_query:29 - User:  i need a list of 3 names for a ginger cat
2024-07-21 14:58:27.411 | INFO     | utils:process_query:29 - User:  i need a list of 3 names for a ginger cat
2024-07-21 14:58:27.412 | INFO     | utils:process_query:30 - Assistant: Here are three creative and unique names for a ginger cat:
1. Cinnamon
2. Rusty
3. Marmalade

Would you like suggestions for names based on the cat's personality or physical traits? How can I make this conversation more useful for you? Are there any particular topics or questions you'd like to explore further?
2024-07-21 14:58:27.412 | INFO     | utils:process_query:30 - Assistant: Here are three creative and unique names for a ginger cat:
1. Cinnamon
2. Rusty
3. Marmalade

Would you like suggestions for names based on the cat's personality or physical traits? How can I make this conversation more useful for you? Are there any particular topics or questions you'd like to explore further?
2024-07-21 14:58:27.413 | INFO     | utils:process_query:31 - Follow-up Questions: 
- Do you prefer names that are more traditional or unique for your ginger cat?
- Would you like suggestions for names that have specific meanings or cultural significance?
- Are you interested in names inspired by famous ginger cats from movies or literature?
2024-07-21 14:58:27.413 | INFO     | utils:process_query:31 - Follow-up Questions: 
- Do you prefer names that are more traditional or unique for your ginger cat?
- Would you like suggestions for names that have specific meanings or cultural significance?
- Are you interested in names inspired by famous ginger cats from movies or literature?
2024-07-21 14:59:25.819 | INFO     | utils:process_query:29 - User: how can i feed it ?
2024-07-21 14:59:25.819 | INFO     | utils:process_query:29 - User: how can i feed it ?
2024-07-21 14:59:25.819 | INFO     | utils:process_query:30 - Assistant: Feeding your ginger cat properly is crucial for its health and well-being. Here are some guidelines on how to feed your cat:

1. **Choose the Right Food**:
   - **Dry Food**: Convenient and helps keep teeth clean. Ensure it's high-quality and formulated for cats.
   - **Wet Food**: Provides hydration and can be more appetizing for some cats. Look for high-protein, low-carb options.
   - **Combination**: Some cat owners opt for a mix of both dry and wet food to balance benefits.

2. **Set a Feeding Schedule**:
   - **Kittens**: They need to be fed more frequently, about 3-4 times a day.
   - **Adult Cats**: Typically, twice a day is sufficient.
   - **Senior Cats**: They may have different nutritional needs, so consult your vet.

3. **Portion Control**:
   - Follow the feeding guidelines on the food packaging, but adjust based on your cat's weight, age, and activity level.
   - Overfeeding can lead to obesity, while underfeeding can lead to nutrient deficiencies.

4. **Fresh Water**:
   - Always provide fresh, clean water. Cats can be prone to urinary issues, and proper hydration is essential.

5. **Avoid Harmful Foods**:
   - Do not feed your cat chocolate, onions, garlic, alcohol, caffeine, or bones, as these can be toxic.

6. **Special Considerations**:
   - If your cat has any health issues or dietary restrictions, consult your veterinarian for specific recommendations.

Would you like more detailed information on any specific aspect of feeding your cat? Or do you have other questions or topics you'd like to explore further?
2024-07-21 14:59:25.819 | INFO     | utils:process_query:30 - Assistant: Feeding your ginger cat properly is crucial for its health and well-being. Here are some guidelines on how to feed your cat:

1. **Choose the Right Food**:
   - **Dry Food**: Convenient and helps keep teeth clean. Ensure it's high-quality and formulated for cats.
   - **Wet Food**: Provides hydration and can be more appetizing for some cats. Look for high-protein, low-carb options.
   - **Combination**: Some cat owners opt for a mix of both dry and wet food to balance benefits.

2. **Set a Feeding Schedule**:
   - **Kittens**: They need to be fed more frequently, about 3-4 times a day.
   - **Adult Cats**: Typically, twice a day is sufficient.
   - **Senior Cats**: They may have different nutritional needs, so consult your vet.

3. **Portion Control**:
   - Follow the feeding guidelines on the food packaging, but adjust based on your cat's weight, age, and activity level.
   - Overfeeding can lead to obesity, while underfeeding can lead to nutrient deficiencies.

4. **Fresh Water**:
   - Always provide fresh, clean water. Cats can be prone to urinary issues, and proper hydration is essential.

5. **Avoid Harmful Foods**:
   - Do not feed your cat chocolate, onions, garlic, alcohol, caffeine, or bones, as these can be toxic.

6. **Special Considerations**:
   - If your cat has any health issues or dietary restrictions, consult your veterinarian for specific recommendations.

Would you like more detailed information on any specific aspect of feeding your cat? Or do you have other questions or topics you'd like to explore further?
2024-07-21 14:59:25.819 | INFO     | utils:process_query:31 - Follow-up Questions: 
- Are there specific brands of dry or wet food that you recommend for a ginger cat? 
- How can I determine the appropriate portion size for my adult cat based on its activity level?
- What are the signs that my cat might have a nutritional deficiency or be overfed?
2024-07-21 14:59:25.819 | INFO     | utils:process_query:31 - Follow-up Questions: 
- Are there specific brands of dry or wet food that you recommend for a ginger cat? 
- How can I determine the appropriate portion size for my adult cat based on its activity level?
- What are the signs that my cat might have a nutritional deficiency or be overfed?
2024-07-21 15:00:26.173 | INFO     | utils:process_query:29 - User: what did i ask you ?
2024-07-21 15:00:26.173 | INFO     | utils:process_query:29 - User: what did i ask you ?
2024-07-21 15:00:26.173 | INFO     | utils:process_query:30 - Assistant: Based on the conversation history, you asked me the following questions:

1. "I need a list of 3 names for a ginger cat."
2. "How can I feed it?"
3. "What did I ask you?"

If you have any more questions or need further assistance, feel free to ask!
2024-07-21 15:00:26.173 | INFO     | utils:process_query:30 - Assistant: Based on the conversation history, you asked me the following questions:

1. "I need a list of 3 names for a ginger cat."
2. "How can I feed it?"
3. "What did I ask you?"

If you have any more questions or need further assistance, feel free to ask!
2024-07-21 15:00:26.174 | INFO     | utils:process_query:31 - Follow-up Questions: 
- Would you like suggestions for names based on the cat's personality or physical traits?
- Are there specific types of food or dietary requirements you prefer for your ginger cat?
- Do you have any other pets at home that the ginger cat will interact with?
2024-07-21 15:00:26.174 | INFO     | utils:process_query:31 - Follow-up Questions: 
- Would you like suggestions for names based on the cat's personality or physical traits?
- Are there specific types of food or dietary requirements you prefer for your ginger cat?
- Do you have any other pets at home that the ginger cat will interact with?
